<?xml version="1.0" encoding="UTF-8"?>
<testng-results ignored="0" total="6" passed="5" failed="1" skipped="0">
  <reporter-output>
  </reporter-output>
  <suite started-at="2024-06-11T02:50:31 BDT" name="Surefire suite" finished-at="2024-06-11T02:52:20 BDT" duration-ms="108920">
    <groups>
    </groups>
    <test started-at="2024-06-11T02:50:31 BDT" name="Surefire test" finished-at="2024-06-11T02:52:20 BDT" duration-ms="108920">
      <class name="Tests.Testcases.PlaceOrderAsGuestTest">
        <test-method is-config="true" signature="setup(java.lang.reflect.Method,java.lang.String,java.lang.String)[pri:0, instance:Tests.Testcases.PlaceOrderAsGuestTest@b40bb6e]" started-at="2024-06-11T02:50:31 BDT" name="setup" finished-at="2024-06-11T02:50:36 BDT" duration-ms="4446" status="PASS">
          <params>
            <param index="0">
              <value>
                <![CDATA[public void Tests.Testcases.PlaceOrderAsGuestTest.testToVerifyPlaceOrderAsGuest(java.lang.String,org.testng.ITestContext)]]>
              </value>
            </param>
            <param index="1">
              <value is-null="true"/>
            </param>
            <param index="2">
              <value is-null="true"/>
            </param>
          </params>
          <reporter-output>
          </reporter-output>
        </test-method> <!-- setup -->
        <test-method signature="testToVerifyPlaceOrderAsGuest(java.lang.String,org.testng.ITestContext)[pri:0, instance:Tests.Testcases.PlaceOrderAsGuestTest@b40bb6e]" started-at="2024-06-11T02:50:36 BDT" name="testToVerifyPlaceOrderAsGuest" description="User should be able to successfully place order as a guest user" data-provider="TestDataProviderFunction" finished-at="2024-06-11T02:51:01 BDT" duration-ms="25369" status="FAIL">
          <params>
            <param index="0">
              <value>
                <![CDATA[Alla,Donald,email,ABC Ltd,Bangladesh,Dhaka,45 demo street,1200,65898652,Continue]]>
              </value>
            </param>
            <param index="1">
              <value>
                <![CDATA[org.testng.TestRunner@476ee5b3]]>
              </value>
            </param>
          </params>
          <exception class="java.lang.AssertionError">
            <message>
              <![CDATA[Select next day air shipping method expected [true] but found [false]]]>
            </message>
            <full-stacktrace>
              <![CDATA[java.lang.AssertionError: Select next day air shipping method expected [true] but found [false]
at org.testng.Assert.fail(Assert.java:111)
at org.testng.Assert.failNotEquals(Assert.java:1578)
at org.testng.Assert.assertTrue(Assert.java:57)
at AbstractComponents.FrameworkAssertionLibrary.stepAssertionShouldBeTrue(FrameworkAssertionLibrary.java:36)
at Tests.Steps.PlaceOrderAsGuestSteps.userSelectShippingMethodAndClickContinue(PlaceOrderAsGuestSteps.java:141)
at Tests.Testcases.PlaceOrderAsGuestTest.testToVerifyPlaceOrderAsGuest(PlaceOrderAsGuestTest.java:29)
at java.base/jdk.internal.reflect.NativeMethodAccessorImpl.invoke0(Native Method)
at java.base/jdk.internal.reflect.NativeMethodAccessorImpl.invoke(NativeMethodAccessorImpl.java:62)
at java.base/jdk.internal.reflect.DelegatingMethodAccessorImpl.invoke(DelegatingMethodAccessorImpl.java:43)
at java.base/java.lang.reflect.Method.invoke(Method.java:566)
at org.testng.internal.invokers.MethodInvocationHelper.invokeMethod(MethodInvocationHelper.java:141)
at org.testng.internal.invokers.TestInvoker.invokeMethod(TestInvoker.java:686)
at org.testng.internal.invokers.TestInvoker.invokeTestMethod(TestInvoker.java:230)
at org.testng.internal.invokers.MethodRunner.runInSequence(MethodRunner.java:63)
at org.testng.internal.invokers.TestInvoker$MethodInvocationAgent.invoke(TestInvoker.java:992)
at org.testng.internal.invokers.TestInvoker.invokeTestMethods(TestInvoker.java:203)
at org.testng.internal.invokers.TestMethodWorker.invokeTestMethods(TestMethodWorker.java:154)
at org.testng.internal.invokers.TestMethodWorker.run(TestMethodWorker.java:134)
at java.base/java.util.ArrayList.forEach(ArrayList.java:1541)
at org.testng.TestRunner.privateRun(TestRunner.java:739)
at org.testng.TestRunner.run(TestRunner.java:614)
at org.testng.SuiteRunner.runTest(SuiteRunner.java:421)
at org.testng.SuiteRunner.runSequentially(SuiteRunner.java:413)
at org.testng.SuiteRunner.privateRun(SuiteRunner.java:373)
at org.testng.SuiteRunner.run(SuiteRunner.java:312)
at org.testng.SuiteRunnerWorker.runSuite(SuiteRunnerWorker.java:52)
at org.testng.SuiteRunnerWorker.run(SuiteRunnerWorker.java:95)
at org.testng.TestNG.runSuitesSequentially(TestNG.java:1274)
at org.testng.TestNG.runSuitesLocally(TestNG.java:1208)
at org.testng.TestNG.runSuites(TestNG.java:1112)
at org.testng.TestNG.run(TestNG.java:1079)
at org.apache.maven.surefire.testng.TestNGExecutor.run(TestNGExecutor.java:155)
at org.apache.maven.surefire.testng.TestNGDirectoryTestSuite.executeMulti(TestNGDirectoryTestSuite.java:169)
at org.apache.maven.surefire.testng.TestNGDirectoryTestSuite.execute(TestNGDirectoryTestSuite.java:88)
at org.apache.maven.surefire.testng.TestNGProvider.invoke(TestNGProvider.java:137)
at org.apache.maven.surefire.booter.ForkedBooter.runSuitesInProcess(ForkedBooter.java:385)
at org.apache.maven.surefire.booter.ForkedBooter.execute(ForkedBooter.java:162)
at org.apache.maven.surefire.booter.ForkedBooter.run(ForkedBooter.java:507)
at org.apache.maven.surefire.booter.ForkedBooter.main(ForkedBooter.java:495)
]]>
            </full-stacktrace>
          </exception> <!-- java.lang.AssertionError -->
          <reporter-output>
          </reporter-output>
        </test-method> <!-- testToVerifyPlaceOrderAsGuest -->
        <test-method is-config="true" signature="tearDown(org.testng.ITestResult)[pri:0, instance:Tests.Testcases.PlaceOrderAsGuestTest@b40bb6e]" started-at="2024-06-11T02:51:01 BDT" name="tearDown" finished-at="2024-06-11T02:51:01 BDT" duration-ms="267" status="PASS">
          <params>
            <param index="0">
              <value>
                <![CDATA[[TestResult name=testToVerifyPlaceOrderAsGuest status=FAILURE method=PlaceOrderAsGuestTest.testToVerifyPlaceOrderAsGuest(java.lang.String,org.testng.ITestContext)[pri:0, instance:Tests.Testcases.PlaceOrderAsGuestTest@b40bb6e] output={null}]]]>
              </value>
            </param>
          </params>
          <reporter-output>
          </reporter-output>
        </test-method> <!-- tearDown -->
      </class> <!-- Tests.Testcases.PlaceOrderAsGuestTest -->
      <class name="Tests.Testcases.UserRegistrationTest">
        <test-method is-config="true" signature="setup(java.lang.reflect.Method,java.lang.String,java.lang.String)[pri:0, instance:Tests.Testcases.UserRegistrationTest@6d0b5baf]" started-at="2024-06-11T02:51:01 BDT" name="setup" finished-at="2024-06-11T02:51:04 BDT" duration-ms="2743" status="PASS">
          <params>
            <param index="0">
              <value>
                <![CDATA[public void Tests.Testcases.UserRegistrationTest.testToVerifyRegistration(java.lang.String,org.testng.ITestContext)]]>
              </value>
            </param>
            <param index="1">
              <value is-null="true"/>
            </param>
            <param index="2">
              <value is-null="true"/>
            </param>
          </params>
          <reporter-output>
          </reporter-output>
        </test-method> <!-- setup -->
        <test-method signature="testToVerifyRegistration(java.lang.String,org.testng.ITestContext)[pri:0, instance:Tests.Testcases.UserRegistrationTest@6d0b5baf]" started-at="2024-06-11T02:51:04 BDT" name="testToVerifyRegistration" description="Nopcommerce registration feature Test" data-provider="TestDataProviderFunction" finished-at="2024-06-11T02:51:16 BDT" duration-ms="12044" status="PASS">
          <params>
            <param index="0">
              <value>
                <![CDATA[Male,Anthony,Abraham,20/05/1995,email,Abc company-23,checked,pass@1234,pass@1234,Register,Your registration completed]]>
              </value>
            </param>
            <param index="1">
              <value>
                <![CDATA[org.testng.TestRunner@476ee5b3]]>
              </value>
            </param>
          </params>
          <reporter-output>
          </reporter-output>
        </test-method> <!-- testToVerifyRegistration -->
        <test-method is-config="true" signature="tearDown(org.testng.ITestResult)[pri:0, instance:Tests.Testcases.UserRegistrationTest@6d0b5baf]" started-at="2024-06-11T02:51:16 BDT" name="tearDown" finished-at="2024-06-11T02:51:16 BDT" duration-ms="193" status="PASS">
          <params>
            <param index="0">
              <value>
                <![CDATA[[TestResult name=testToVerifyRegistration status=SUCCESS method=UserRegistrationTest.testToVerifyRegistration(java.lang.String,org.testng.ITestContext)[pri:0, instance:Tests.Testcases.UserRegistrationTest@6d0b5baf] output={null}]]]>
              </value>
            </param>
          </params>
          <reporter-output>
          </reporter-output>
        </test-method> <!-- tearDown -->
        <test-method is-config="true" signature="setup(java.lang.reflect.Method,java.lang.String,java.lang.String)[pri:0, instance:Tests.Testcases.UserRegistrationTest@6d0b5baf]" started-at="2024-06-11T02:51:16 BDT" name="setup" finished-at="2024-06-11T02:51:19 BDT" duration-ms="2361" status="PASS">
          <params>
            <param index="0">
              <value>
                <![CDATA[public void Tests.Testcases.UserRegistrationTest.testToVerifyRegistration(java.lang.String,org.testng.ITestContext)]]>
              </value>
            </param>
            <param index="1">
              <value is-null="true"/>
            </param>
            <param index="2">
              <value is-null="true"/>
            </param>
          </params>
          <reporter-output>
          </reporter-output>
        </test-method> <!-- setup -->
        <test-method signature="testToVerifyRegistration(java.lang.String,org.testng.ITestContext)[pri:0, instance:Tests.Testcases.UserRegistrationTest@6d0b5baf]" started-at="2024-06-11T02:51:19 BDT" name="testToVerifyRegistration" description="Nopcommerce registration feature Test" data-provider="TestDataProviderFunction" finished-at="2024-06-11T02:51:32 BDT" duration-ms="13370" status="PASS">
          <params>
            <param index="0">
              <value>
                <![CDATA[Female,Alexandra,Allan,9/05/1999,email,Abc company-23,unchecked,pass@1234,pass@1234,Register,Your registration completed]]>
              </value>
            </param>
            <param index="1">
              <value>
                <![CDATA[org.testng.TestRunner@476ee5b3]]>
              </value>
            </param>
          </params>
          <reporter-output>
          </reporter-output>
        </test-method> <!-- testToVerifyRegistration -->
        <test-method is-config="true" signature="tearDown(org.testng.ITestResult)[pri:0, instance:Tests.Testcases.UserRegistrationTest@6d0b5baf]" started-at="2024-06-11T02:51:32 BDT" name="tearDown" finished-at="2024-06-11T02:51:32 BDT" duration-ms="204" status="PASS">
          <params>
            <param index="0">
              <value>
                <![CDATA[[TestResult name=testToVerifyRegistration status=SUCCESS method=UserRegistrationTest.testToVerifyRegistration(java.lang.String,org.testng.ITestContext)[pri:0, instance:Tests.Testcases.UserRegistrationTest@6d0b5baf] output={null}]]]>
              </value>
            </param>
          </params>
          <reporter-output>
          </reporter-output>
        </test-method> <!-- tearDown -->
        <test-method is-config="true" signature="setup(java.lang.reflect.Method,java.lang.String,java.lang.String)[pri:0, instance:Tests.Testcases.UserRegistrationTest@6d0b5baf]" started-at="2024-06-11T02:51:32 BDT" name="setup" finished-at="2024-06-11T02:51:35 BDT" duration-ms="2587" status="PASS">
          <params>
            <param index="0">
              <value>
                <![CDATA[public void Tests.Testcases.UserRegistrationTest.testToVerifyRegistration(java.lang.String,org.testng.ITestContext)]]>
              </value>
            </param>
            <param index="1">
              <value is-null="true"/>
            </param>
            <param index="2">
              <value is-null="true"/>
            </param>
          </params>
          <reporter-output>
          </reporter-output>
        </test-method> <!-- setup -->
        <test-method signature="testToVerifyRegistration(java.lang.String,org.testng.ITestContext)[pri:0, instance:Tests.Testcases.UserRegistrationTest@6d0b5baf]" started-at="2024-06-11T02:51:35 BDT" name="testToVerifyRegistration" description="Nopcommerce registration feature Test" data-provider="TestDataProviderFunction" finished-at="2024-06-11T02:51:48 BDT" duration-ms="13223" status="PASS">
          <params>
            <param index="0">
              <value>
                <![CDATA[Female,Alison,Alsop,3/05/2000,email,Abc company-23,unchecked,pass@1234,pass@1234,Register,Your registration completed]]>
              </value>
            </param>
            <param index="1">
              <value>
                <![CDATA[org.testng.TestRunner@476ee5b3]]>
              </value>
            </param>
          </params>
          <reporter-output>
          </reporter-output>
        </test-method> <!-- testToVerifyRegistration -->
        <test-method is-config="true" signature="tearDown(org.testng.ITestResult)[pri:0, instance:Tests.Testcases.UserRegistrationTest@6d0b5baf]" started-at="2024-06-11T02:51:48 BDT" name="tearDown" finished-at="2024-06-11T02:51:48 BDT" duration-ms="172" status="PASS">
          <params>
            <param index="0">
              <value>
                <![CDATA[[TestResult name=testToVerifyRegistration status=SUCCESS method=UserRegistrationTest.testToVerifyRegistration(java.lang.String,org.testng.ITestContext)[pri:0, instance:Tests.Testcases.UserRegistrationTest@6d0b5baf] output={null}]]]>
              </value>
            </param>
          </params>
          <reporter-output>
          </reporter-output>
        </test-method> <!-- tearDown -->
        <test-method is-config="true" signature="setup(java.lang.reflect.Method,java.lang.String,java.lang.String)[pri:0, instance:Tests.Testcases.UserRegistrationTest@6d0b5baf]" started-at="2024-06-11T02:51:48 BDT" name="setup" finished-at="2024-06-11T02:51:51 BDT" duration-ms="2371" status="PASS">
          <params>
            <param index="0">
              <value>
                <![CDATA[public void Tests.Testcases.UserRegistrationTest.testToVerifyRegistration(java.lang.String,org.testng.ITestContext)]]>
              </value>
            </param>
            <param index="1">
              <value is-null="true"/>
            </param>
            <param index="2">
              <value is-null="true"/>
            </param>
          </params>
          <reporter-output>
          </reporter-output>
        </test-method> <!-- setup -->
        <test-method signature="testToVerifyRegistration(java.lang.String,org.testng.ITestContext)[pri:0, instance:Tests.Testcases.UserRegistrationTest@6d0b5baf]" started-at="2024-06-11T02:51:51 BDT" name="testToVerifyRegistration" description="Nopcommerce registration feature Test" data-provider="TestDataProviderFunction" finished-at="2024-06-11T02:52:03 BDT" duration-ms="12245" status="PASS">
          <params>
            <param index="0">
              <value>
                <![CDATA[Male,Amanda,Anderson,2/05/2001,email,Abc company-23,checked,pass@1234,pass@1234,Register,Your registration completed]]>
              </value>
            </param>
            <param index="1">
              <value>
                <![CDATA[org.testng.TestRunner@476ee5b3]]>
              </value>
            </param>
          </params>
          <reporter-output>
          </reporter-output>
        </test-method> <!-- testToVerifyRegistration -->
        <test-method is-config="true" signature="tearDown(org.testng.ITestResult)[pri:0, instance:Tests.Testcases.UserRegistrationTest@6d0b5baf]" started-at="2024-06-11T02:52:03 BDT" name="tearDown" finished-at="2024-06-11T02:52:03 BDT" duration-ms="247" status="PASS">
          <params>
            <param index="0">
              <value>
                <![CDATA[[TestResult name=testToVerifyRegistration status=SUCCESS method=UserRegistrationTest.testToVerifyRegistration(java.lang.String,org.testng.ITestContext)[pri:0, instance:Tests.Testcases.UserRegistrationTest@6d0b5baf] output={null}]]]>
              </value>
            </param>
          </params>
          <reporter-output>
          </reporter-output>
        </test-method> <!-- tearDown -->
        <test-method is-config="true" signature="setup(java.lang.reflect.Method,java.lang.String,java.lang.String)[pri:0, instance:Tests.Testcases.UserRegistrationTest@6d0b5baf]" started-at="2024-06-11T02:52:03 BDT" name="setup" finished-at="2024-06-11T02:52:07 BDT" duration-ms="3305" status="PASS">
          <params>
            <param index="0">
              <value>
                <![CDATA[public void Tests.Testcases.UserRegistrationTest.testToVerifyRegistration(java.lang.String,org.testng.ITestContext)]]>
              </value>
            </param>
            <param index="1">
              <value is-null="true"/>
            </param>
            <param index="2">
              <value is-null="true"/>
            </param>
          </params>
          <reporter-output>
          </reporter-output>
        </test-method> <!-- setup -->
        <test-method signature="testToVerifyRegistration(java.lang.String,org.testng.ITestContext)[pri:0, instance:Tests.Testcases.UserRegistrationTest@6d0b5baf]" started-at="2024-06-11T02:52:07 BDT" name="testToVerifyRegistration" description="Nopcommerce registration feature Test" data-provider="TestDataProviderFunction" finished-at="2024-06-11T02:52:20 BDT" duration-ms="13434" status="PASS">
          <params>
            <param index="0">
              <value>
                <![CDATA[Female,Austin,Arnold,10/05/1990,email,Abc company-23,unchecked,pass@1234,pass@1234,Register,Your registration completed]]>
              </value>
            </param>
            <param index="1">
              <value>
                <![CDATA[org.testng.TestRunner@476ee5b3]]>
              </value>
            </param>
          </params>
          <reporter-output>
          </reporter-output>
        </test-method> <!-- testToVerifyRegistration -->
        <test-method is-config="true" signature="tearDown(org.testng.ITestResult)[pri:0, instance:Tests.Testcases.UserRegistrationTest@6d0b5baf]" started-at="2024-06-11T02:52:20 BDT" name="tearDown" finished-at="2024-06-11T02:52:20 BDT" duration-ms="221" status="PASS">
          <params>
            <param index="0">
              <value>
                <![CDATA[[TestResult name=testToVerifyRegistration status=SUCCESS method=UserRegistrationTest.testToVerifyRegistration(java.lang.String,org.testng.ITestContext)[pri:0, instance:Tests.Testcases.UserRegistrationTest@6d0b5baf] output={null}]]]>
              </value>
            </param>
          </params>
          <reporter-output>
          </reporter-output>
        </test-method> <!-- tearDown -->
      </class> <!-- Tests.Testcases.UserRegistrationTest -->
    </test> <!-- Surefire test -->
  </suite> <!-- Surefire suite -->
</testng-results>
