<html>
<head>
<title>TestNG:  Surefire test</title>
<link href="../testng.css" rel="stylesheet" type="text/css" />
<link href="../my-testng.css" rel="stylesheet" type="text/css" />

<style type="text/css">
.log { display: none;} 
.stack-trace { display: none;} 
</style>
<script type="text/javascript">
<!--
function flip(e) {
  current = e.style.display;
  if (current == 'block') {
    e.style.display = 'none';
    return 0;
  }
  else {
    e.style.display = 'block';
    return 1;
  }
}

function toggleBox(szDivId, elem, msg1, msg2)
{
  var res = -1;  if (document.getElementById) {
    res = flip(document.getElementById(szDivId));
  }
  else if (document.all) {
    // this is the way old msie versions work
    res = flip(document.all[szDivId]);
  }
  if(elem) {
    if(res == 0) elem.innerHTML = msg1; else elem.innerHTML = msg2;
  }

}

function toggleAllBoxes() {
  if (document.getElementsByTagName) {
    d = document.getElementsByTagName('div');
    for (i = 0; i < d.length; i++) {
      if (d[i].className == 'log') {
        flip(d[i]);
      }
    }
  }
}

// -->
</script>

</head>
<body>
<h2 align='center'>Surefire test</h2><table border='1' align="center">
<tr>
<td>Tests passed/Failed/Skipped:</td><td>5/1/0</td>
</tr><tr>
<td>Started on:</td><td>Tue Jun 11 02:50:31 BDT 2024</td>
</tr>
<tr><td>Total time:</td><td>108 seconds (108920 ms)</td>
</tr><tr>
<td>Included groups:</td><td></td>
</tr><tr>
<td>Excluded groups:</td><td></td>
</tr>
</table><p/>
<small><i>(Hover the method name to see the test class name)</i></small><p/>
<table width='100%' border='1' class='invocation-failed'>
<tr><td colspan='4' align='center'><b>FAILED TESTS</b></td></tr>
<tr><td><b>Test method</b></td>
<td><b>Attribute(s)</b></td>
<td width="30%"><b>Exception</b></td>
<td width="10%"><b>Time (seconds)</b></td>
<td><b>Instance</b></td>
</tr>
<tr>
<td title='Tests.Testcases.PlaceOrderAsGuestTest.testToVerifyPlaceOrderAsGuest()'><b>testToVerifyPlaceOrderAsGuest</b><br>Test class: Tests.Testcases.PlaceOrderAsGuestTest<br>Test method: User should be able to successfully place order as a guest user<br>Parameters: Alla,Donald,email,ABC Ltd,Bangladesh,Dhaka,45 demo street,1200,65898652,Continue, org.testng.TestRunner@476ee5b3</td>
<td><div><pre>java.lang.AssertionError: Select next day air shipping method expected [true] but found [false]
	at AbstractComponents.FrameworkAssertionLibrary.stepAssertionShouldBeTrue(FrameworkAssertionLibrary.java:36)
	at Tests.Steps.PlaceOrderAsGuestSteps.userSelectShippingMethodAndClickContinue(PlaceOrderAsGuestSteps.java:141)
	at Tests.Testcases.PlaceOrderAsGuestTest.testToVerifyPlaceOrderAsGuest(PlaceOrderAsGuestTest.java:29)
	at java.base/java.util.ArrayList.forEach(ArrayList.java:1541)
... Removed 35 stack frames</pre></div><a href='#' onClick='toggleBox("stack-trace403930795", this, "Click to show all stack frames", "Click to hide stack frames")'>Click to show all stack frames</a>
<div class='stack-trace' id='stack-trace403930795'><pre>java.lang.AssertionError: Select next day air shipping method expected [true] but found [false]
	at org.testng.Assert.fail(Assert.java:111)
	at org.testng.Assert.failNotEquals(Assert.java:1578)
	at org.testng.Assert.assertTrue(Assert.java:57)
	at AbstractComponents.FrameworkAssertionLibrary.stepAssertionShouldBeTrue(FrameworkAssertionLibrary.java:36)
	at Tests.Steps.PlaceOrderAsGuestSteps.userSelectShippingMethodAndClickContinue(PlaceOrderAsGuestSteps.java:141)
	at Tests.Testcases.PlaceOrderAsGuestTest.testToVerifyPlaceOrderAsGuest(PlaceOrderAsGuestTest.java:29)
	at java.base/jdk.internal.reflect.NativeMethodAccessorImpl.invoke0(Native Method)
	at java.base/jdk.internal.reflect.NativeMethodAccessorImpl.invoke(NativeMethodAccessorImpl.java:62)
	at java.base/jdk.internal.reflect.DelegatingMethodAccessorImpl.invoke(DelegatingMethodAccessorImpl.java:43)
	at java.base/java.lang.reflect.Method.invoke(Method.java:566)
	at org.testng.internal.invokers.MethodInvocationHelper.invokeMethod(MethodInvocationHelper.java:141)
	at org.testng.internal.invokers.TestInvoker.invokeMethod(TestInvoker.java:686)
	at org.testng.internal.invokers.TestInvoker.invokeTestMethod(TestInvoker.java:230)
	at org.testng.internal.invokers.MethodRunner.runInSequence(MethodRunner.java:63)
	at org.testng.internal.invokers.TestInvoker$MethodInvocationAgent.invoke(TestInvoker.java:992)
	at org.testng.internal.invokers.TestInvoker.invokeTestMethods(TestInvoker.java:203)
	at org.testng.internal.invokers.TestMethodWorker.invokeTestMethods(TestMethodWorker.java:154)
	at org.testng.internal.invokers.TestMethodWorker.run(TestMethodWorker.java:134)
	at java.base/java.util.ArrayList.forEach(ArrayList.java:1541)
	at org.testng.TestRunner.privateRun(TestRunner.java:739)
	at org.testng.TestRunner.run(TestRunner.java:614)
	at org.testng.SuiteRunner.runTest(SuiteRunner.java:421)
	at org.testng.SuiteRunner.runSequentially(SuiteRunner.java:413)
	at org.testng.SuiteRunner.privateRun(SuiteRunner.java:373)
	at org.testng.SuiteRunner.run(SuiteRunner.java:312)
	at org.testng.SuiteRunnerWorker.runSuite(SuiteRunnerWorker.java:52)
	at org.testng.SuiteRunnerWorker.run(SuiteRunnerWorker.java:95)
	at org.testng.TestNG.runSuitesSequentially(TestNG.java:1274)
	at org.testng.TestNG.runSuitesLocally(TestNG.java:1208)
	at org.testng.TestNG.runSuites(TestNG.java:1112)
	at org.testng.TestNG.run(TestNG.java:1079)
	at org.apache.maven.surefire.testng.TestNGExecutor.run(TestNGExecutor.java:155)
	at org.apache.maven.surefire.testng.TestNGDirectoryTestSuite.executeMulti(TestNGDirectoryTestSuite.java:169)
	at org.apache.maven.surefire.testng.TestNGDirectoryTestSuite.execute(TestNGDirectoryTestSuite.java:88)
	at org.apache.maven.surefire.testng.TestNGProvider.invoke(TestNGProvider.java:137)
	at org.apache.maven.surefire.booter.ForkedBooter.runSuitesInProcess(ForkedBooter.java:385)
	at org.apache.maven.surefire.booter.ForkedBooter.execute(ForkedBooter.java:162)
	at org.apache.maven.surefire.booter.ForkedBooter.run(ForkedBooter.java:507)
	at org.apache.maven.surefire.booter.ForkedBooter.main(ForkedBooter.java:495)
</pre></div></td>
<td>25</td>
<td>Tests.Testcases.PlaceOrderAsGuestTest@b40bb6e</td></tr>
</table><p>
<table width='100%' border='1' class='invocation-passed'>
<tr><td colspan='4' align='center'><b>PASSED TESTS</b></td></tr>
<tr><td><b>Test method</b></td>
<td><b>Attribute(s)</b></td>
<td width="30%"><b>Exception</b></td>
<td width="10%"><b>Time (seconds)</b></td>
<td><b>Instance</b></td>
</tr>
<tr>
<td title='Tests.Testcases.UserRegistrationTest.testToVerifyRegistration()'><b>testToVerifyRegistration</b><br>Test class: Tests.Testcases.UserRegistrationTest<br>Test method: Nopcommerce registration feature Test<br>Parameters: Female,Alison,Alsop,3/05/2000,email,Abc company-23,unchecked,pass@1234,pass@1234,Register,Your registration completed, org.testng.TestRunner@476ee5b3</td>
<td></td>
<td>13</td>
<td>Tests.Testcases.UserRegistrationTest@6d0b5baf</td></tr>
<tr>
<td title='Tests.Testcases.UserRegistrationTest.testToVerifyRegistration()'><b>testToVerifyRegistration</b><br>Test class: Tests.Testcases.UserRegistrationTest<br>Test method: Nopcommerce registration feature Test<br>Parameters: Male,Anthony,Abraham,20/05/1995,email,Abc company-23,checked,pass@1234,pass@1234,Register,Your registration completed, org.testng.TestRunner@476ee5b3</td>
<td></td>
<td>12</td>
<td>Tests.Testcases.UserRegistrationTest@6d0b5baf</td></tr>
<tr>
<td title='Tests.Testcases.UserRegistrationTest.testToVerifyRegistration()'><b>testToVerifyRegistration</b><br>Test class: Tests.Testcases.UserRegistrationTest<br>Test method: Nopcommerce registration feature Test<br>Parameters: Female,Alexandra,Allan,9/05/1999,email,Abc company-23,unchecked,pass@1234,pass@1234,Register,Your registration completed, org.testng.TestRunner@476ee5b3</td>
<td></td>
<td>13</td>
<td>Tests.Testcases.UserRegistrationTest@6d0b5baf</td></tr>
<tr>
<td title='Tests.Testcases.UserRegistrationTest.testToVerifyRegistration()'><b>testToVerifyRegistration</b><br>Test class: Tests.Testcases.UserRegistrationTest<br>Test method: Nopcommerce registration feature Test<br>Parameters: Male,Amanda,Anderson,2/05/2001,email,Abc company-23,checked,pass@1234,pass@1234,Register,Your registration completed, org.testng.TestRunner@476ee5b3</td>
<td></td>
<td>12</td>
<td>Tests.Testcases.UserRegistrationTest@6d0b5baf</td></tr>
<tr>
<td title='Tests.Testcases.UserRegistrationTest.testToVerifyRegistration()'><b>testToVerifyRegistration</b><br>Test class: Tests.Testcases.UserRegistrationTest<br>Test method: Nopcommerce registration feature Test<br>Parameters: Female,Austin,Arnold,10/05/1990,email,Abc company-23,unchecked,pass@1234,pass@1234,Register,Your registration completed, org.testng.TestRunner@476ee5b3</td>
<td></td>
<td>13</td>
<td>Tests.Testcases.UserRegistrationTest@6d0b5baf</td></tr>
</table><p>
</body>
</html>