<?xml version="1.0" encoding="UTF-8"?>
<!-- Generated by org.testng.reporters.JUnitXMLReporter -->
<testsuite ignored="0" hostname="DESKTOP-C84JI4A" failures="1" tests="6" name="Surefire test" time="108.92" errors="0" timestamp="2024-06-11T02:52:20 BDT">
  <testcase classname="Tests.Testcases.PlaceOrderAsGuestTest" name="testToVerifyPlaceOrderAsGuest" time="25.369">
    <failure type="java.lang.AssertionError" message="Select next day air shipping method expected [true] but found [false]">
      <![CDATA[java.lang.AssertionError: Select next day air shipping method expected [true] but found [false]
at AbstractComponents.FrameworkAssertionLibrary.stepAssertionShouldBeTrue(FrameworkAssertionLibrary.java:36)
at Tests.Steps.PlaceOrderAsGuestSteps.userSelectShippingMethodAndClickContinue(PlaceOrderAsGuestSteps.java:141)
at Tests.Testcases.PlaceOrderAsGuestTest.testToVerifyPlaceOrderAsGuest(PlaceOrderAsGuestTest.java:29)
at java.base/java.util.ArrayList.forEach(ArrayList.java:1541)
... Removed 35 stack frames]]>
    </failure>
  </testcase> <!-- testToVerifyPlaceOrderAsGuest -->
  <testcase classname="Tests.Testcases.UserRegistrationTest" name="testToVerifyRegistration" time="12.044"/>
  <testcase classname="Tests.Testcases.UserRegistrationTest" name="testToVerifyRegistration" time="13.37"/>
  <testcase classname="Tests.Testcases.UserRegistrationTest" name="testToVerifyRegistration" time="13.223"/>
  <testcase classname="Tests.Testcases.UserRegistrationTest" name="testToVerifyRegistration" time="12.245"/>
  <testcase classname="Tests.Testcases.UserRegistrationTest" name="testToVerifyRegistration" time="13.434"/>
</testsuite> <!-- Surefire test -->
